<?xml version="1.0" encoding="UTF-8"?>
<testsuite name="DollarCalculatorTest" tests="1" skipped="0" failures="0" errors="0" timestamp="2022-05-29T05:32:19" hostname="donghee-X570-AORUS-ELITE" time="0.234">
  <properties/>
  <testcase name="mockTest()" classname="DollarCalculatorTest" time="0.234"/>
  <system-out><![CDATA[]]></system-out>
  <system-err><![CDATA[]]></system-err>
</testsuite>
